==================== 2026-03-18T19:34:21.601879Z | 624d03e6-cd96-4aff-9d3c-5e89cfc29bd0 ====================
19:34:21.601916 [info ]: Starting dbt LSP server
19:34:21.601932 [info ]: Connecting to LSP client on port 44197
19:34:21.602082 [info ]: Successfully connected to LSP client
19:34:21.602090 [info ]: Creating LSP service...
19:34:21.658439 [info ]: Creating LSP server...
19:34:21.658468 [info ]: Starting LSP server...
19:34:22.483105 [info ]: Started loading project
19:34:22.483183 [info ]: Finished loading project [  0.00s]
==================== 2026-03-18T19:43:38.417411Z | dbf6884a-8193-4bef-8ebd-d4cbb5d68b77 ====================
19:43:38.417451 [info ]: Starting dbt LSP server
19:43:38.417466 [info ]: Connecting to LSP client on port 36491
19:43:38.417620 [info ]: Successfully connected to LSP client
19:43:38.417628 [info ]: Creating LSP service...
19:43:38.472789 [info ]: Creating LSP server...
19:43:38.472817 [info ]: Starting LSP server...
19:43:39.183129 [info ]: Started loading project
19:43:39.183197 [info ]: Finished loading project [  0.00s]
==================== 2026-03-18T19:43:54.675262Z | 81ee40c3-1471-4b83-b211-d7c572ef5cdc ====================
19:43:54.675354 [info ]: Starting dbt LSP server
19:43:54.675371 [info ]: Connecting to LSP client on port 35529
19:43:54.675547 [info ]: Successfully connected to LSP client
19:43:54.675555 [info ]: Creating LSP service...
19:43:54.731960 [info ]: Creating LSP server...
19:43:54.731992 [info ]: Starting LSP server...
19:43:55.503003 [info ]: Started loading project
19:43:55.503081 [info ]: Finished loading project [  0.00s]
